[ 2015-05-21T23:41:04+08:00 ] 58.44.96.50 /
INFO: [ app_init ] --START--
INFO: Run Behavior\BuildLiteBehavior [ RunTime:0.000025s ]
INFO: [ app_init ] --END-- [ RunTime:0.000394s ]
INFO: [ app_begin ] --START--
INFO: Run Behavior\ReadHtmlCacheBehavior [ RunTime:0.000407s ]
INFO: [ app_begin ] --END-- [ RunTime:0.000522s ]
SQL: SHOW COLUMNS FROM `peter_ad` [ RunTime:0.0076s ]
ERR: SQLSTATE[42S22]: Column not found: 1054 Unknown column 'position' in 'where clause'

[ 2015-05-21T23:41:20+08:00 ] 58.44.96.50 /
INFO: [ app_init ] --START--
INFO: Run Behavior\BuildLiteBehavior [ RunTime:0.000051s ]
INFO: [ app_init ] --END-- [ RunTime:0.000741s ]
INFO: [ app_begin ] --START--
INFO: Run Behavior\ReadHtmlCacheBehavior [ RunTime:0.001115s ]
INFO: [ app_begin ] --END-- [ RunTime:0.001371s ]
SQL: SHOW COLUMNS FROM `peter_ad` [ RunTime:0.0072s ]
ERR: SQLSTATE[42S22]: Column not found: 1054 Unknown column 'position' in 'where clause'

[ 2015-05-21T23:41:40+08:00 ] 58.44.96.50 /
INFO: [ app_init ] --START--
INFO: Run Behavior\BuildLiteBehavior [ RunTime:0.000048s ]
INFO: [ app_init ] --END-- [ RunTime:0.000770s ]
INFO: [ app_begin ] --START--
INFO: Run Behavior\ReadHtmlCacheBehavior [ RunTime:0.000930s ]
INFO: [ app_begin ] --END-- [ RunTime:0.001212s ]
SQL: SHOW COLUMNS FROM `peter_ad` [ RunTime:0.0063s ]
SQL: SELECT * FROM `peter_ad`  [ RunTime:0.0004s ]
INFO: [ view_parse ] --START--
INFO: [ template_filter ] --START--
INFO: Run Behavior\ContentReplaceBehavior [ RunTime:0.000149s ]
INFO: [ template_filter ] --END-- [ RunTime:0.000271s ]
SQL: SHOW COLUMNS FROM `peter_nav` [ RunTime:0.0056s ]
SQL: SELECT * FROM `peter_nav` WHERE `isshow` = '1' AND `pid` = 0  [ RunTime:0.0004s ]
SQL: SHOW COLUMNS FROM `peter_nav` [ RunTime:0.0032s ]
SQL: SELECT * FROM `peter_nav` WHERE `isshow` = '1' AND `pid` = 0  [ RunTime:0.0003s ]
SQL: SHOW COLUMNS FROM `peter_nav` [ RunTime:0.0035s ]
SQL: SELECT * FROM `peter_nav` WHERE ( 1=1 AND pid='2' )  [ RunTime:0.0003s ]
SQL: SELECT * FROM `peter_nav` WHERE ( 1=1 AND pid='10' )  [ RunTime:0.0002s ]
SQL: SELECT * FROM `peter_nav` WHERE ( 1=1 AND pid='11' )  [ RunTime:0.0002s ]
SQL: SELECT * FROM `peter_nav` WHERE ( 1=1 AND pid='12' )  [ RunTime:0.0002s ]
INFO: [ view_parse ] --START--
INFO: [ template_filter ] --START--
INFO: Run Behavior\ContentReplaceBehavior [ RunTime:0.000091s ]
INFO: [ template_filter ] --END-- [ RunTime:-0.035502s ]
SQL: SHOW COLUMNS FROM `peter_nav` [ RunTime:0.0035s ]
SQL: SELECT * FROM `peter_nav` WHERE `pid` = 7 AND `isshow` = '1'  [ RunTime:0.0003s ]
SQL: SELECT * FROM `peter_nav` WHERE `pid` = 9 AND `isshow` = '1'  [ RunTime:0.0002s ]
INFO: Run Behavior\ParseTemplateBehavior [ RunTime:0.026555s ]
INFO: [ view_parse ] --END-- [ RunTime:0.026702s ]
INFO: [ view_filter ] --START--
INFO: Run Behavior\WriteHtmlCacheBehavior [ RunTime:0.000317s ]
INFO: [ view_filter ] --END-- [ RunTime:0.000422s ]
INFO: Run Behavior\ParseTemplateBehavior [ RunTime:0.027236s ]
INFO: [ view_parse ] --END-- [ RunTime:0.026702s ]
INFO: [ view_filter ] --START--
INFO: Run Behavior\WriteHtmlCacheBehavior [ RunTime:0.000027s ]
INFO: [ view_filter ] --END-- [ RunTime:-0.000246s ]
INFO: [ app_end ] --START--
INFO: Run Behavior\ShowPageTraceBehavior [ RunTime:0.000522s ]
INFO: [ app_end ] --END-- [ RunTime:0.000666s ]

[ 2015-05-21T23:42:13+08:00 ] 58.44.96.50 /
INFO: [ app_init ] --START--
INFO: Run Behavior\BuildLiteBehavior [ RunTime:0.000027s ]
INFO: [ app_init ] --END-- [ RunTime:0.000391s ]
INFO: [ app_begin ] --START--
INFO: Run Behavior\ReadHtmlCacheBehavior [ RunTime:0.000475s ]
INFO: [ app_begin ] --END-- [ RunTime:0.000607s ]
SQL: SHOW COLUMNS FROM `peter_ad` [ RunTime:0.0091s ]
SQL: SELECT * FROM `peter_ad`  [ RunTime:0.0003s ]
INFO: [ view_parse ] --START--
INFO: [ template_filter ] --START--
INFO: Run Behavior\ContentReplaceBehavior [ RunTime:0.000161s ]
INFO: [ template_filter ] --END-- [ RunTime:0.000294s ]
SQL: SHOW COLUMNS FROM `peter_nav` [ RunTime:0.0084s ]
SQL: SELECT * FROM `peter_nav` WHERE `isshow` = '1' AND `pid` = 0  [ RunTime:0.0005s ]
SQL: SHOW COLUMNS FROM `peter_nav` [ RunTime:0.0043s ]
SQL: SELECT * FROM `peter_nav` WHERE `isshow` = '1' AND `pid` = 0  [ RunTime:0.0005s ]
SQL: SHOW COLUMNS FROM `peter_nav` [ RunTime:0.0055s ]
SQL: SELECT * FROM `peter_nav` WHERE ( 1=1 AND pid='2' )  [ RunTime:0.0004s ]
SQL: SELECT * FROM `peter_nav` WHERE ( 1=1 AND pid='10' )  [ RunTime:0.0003s ]
SQL: SELECT * FROM `peter_nav` WHERE ( 1=1 AND pid='11' )  [ RunTime:0.0003s ]
SQL: SELECT * FROM `peter_nav` WHERE ( 1=1 AND pid='12' )  [ RunTime:0.0003s ]
INFO: [ view_parse ] --START--
INFO: [ template_filter ] --START--
INFO: Run Behavior\ContentReplaceBehavior [ RunTime:0.000110s ]
INFO: [ template_filter ] --END-- [ RunTime:-0.042729s ]
SQL: SHOW COLUMNS FROM `peter_nav` [ RunTime:0.0054s ]
SQL: SELECT * FROM `peter_nav` WHERE `pid` = 7 AND `isshow` = '1'  [ RunTime:0.0004s ]
SQL: SELECT * FROM `peter_nav` WHERE `pid` = 9 AND `isshow` = '1'  [ RunTime:0.0003s ]
INFO: Run Behavior\ParseTemplateBehavior [ RunTime:0.018542s ]
INFO: [ view_parse ] --END-- [ RunTime:0.018672s ]
INFO: [ view_filter ] --START--
INFO: Run Behavior\WriteHtmlCacheBehavior [ RunTime:0.000288s ]
INFO: [ view_filter ] --END-- [ RunTime:0.000407s ]
INFO: Run Behavior\ParseTemplateBehavior [ RunTime:0.019238s ]
INFO: [ view_parse ] --END-- [ RunTime:0.018672s ]
INFO: [ view_filter ] --START--
INFO: Run Behavior\WriteHtmlCacheBehavior [ RunTime:0.000029s ]
INFO: [ view_filter ] --END-- [ RunTime:-0.000270s ]
INFO: [ app_end ] --START--
INFO: Run Behavior\ShowPageTraceBehavior [ RunTime:0.000448s ]
INFO: [ app_end ] --END-- [ RunTime:0.000571s ]

[ 2015-05-21T23:42:48+08:00 ] 58.44.96.50 /
INFO: [ app_init ] --START--
INFO: Run Behavior\BuildLiteBehavior [ RunTime:0.000051s ]
INFO: [ app_init ] --END-- [ RunTime:0.000772s ]
INFO: [ app_begin ] --START--
INFO: Run Behavior\ReadHtmlCacheBehavior [ RunTime:0.000734s ]
INFO: [ app_begin ] --END-- [ RunTime:0.000965s ]
SQL: SHOW COLUMNS FROM `peter_ad` [ RunTime:0.0075s ]
SQL: SELECT * FROM `peter_ad`  [ RunTime:0.0003s ]
INFO: [ view_parse ] --START--
INFO: [ template_filter ] --START--
INFO: Run Behavior\ContentReplaceBehavior [ RunTime:0.000350s ]
INFO: [ template_filter ] --END-- [ RunTime:0.000461s ]
SQL: SHOW COLUMNS FROM `peter_nav` [ RunTime:0.0111s ]
SQL: SELECT * FROM `peter_nav` WHERE `isshow` = '1' AND `pid` = 0  [ RunTime:0.0004s ]
SQL: SHOW COLUMNS FROM `peter_nav` [ RunTime:0.0037s ]
SQL: SELECT * FROM `peter_nav` WHERE `isshow` = '1' AND `pid` = 0  [ RunTime:0.0003s ]
SQL: SHOW COLUMNS FROM `peter_nav` [ RunTime:0.0030s ]
SQL: SELECT * FROM `peter_nav` WHERE ( 1=1 AND pid='2' )  [ RunTime:0.0003s ]
SQL: SELECT * FROM `peter_nav` WHERE ( 1=1 AND pid='10' )  [ RunTime:0.0002s ]
SQL: SELECT * FROM `peter_nav` WHERE ( 1=1 AND pid='11' )  [ RunTime:0.0002s ]
SQL: SELECT * FROM `peter_nav` WHERE ( 1=1 AND pid='12' )  [ RunTime:0.0002s ]
INFO: [ view_parse ] --START--
INFO: [ template_filter ] --START--
INFO: Run Behavior\ContentReplaceBehavior [ RunTime:0.000137s ]
INFO: [ template_filter ] --END-- [ RunTime:-0.039379s ]
SQL: SHOW COLUMNS FROM `peter_nav` [ RunTime:0.0045s ]
SQL: SELECT * FROM `peter_nav` WHERE `pid` = 7 AND `isshow` = '1'  [ RunTime:0.0003s ]
SQL: SELECT * FROM `peter_nav` WHERE `pid` = 9 AND `isshow` = '1'  [ RunTime:0.0002s ]
INFO: Run Behavior\ParseTemplateBehavior [ RunTime:0.016148s ]
INFO: [ view_parse ] --END-- [ RunTime:0.016262s ]
INFO: [ view_filter ] --START--
INFO: Run Behavior\WriteHtmlCacheBehavior [ RunTime:0.000320s ]
INFO: [ view_filter ] --END-- [ RunTime:0.000428s ]
INFO: Run Behavior\ParseTemplateBehavior [ RunTime:0.016840s ]
INFO: [ view_parse ] --END-- [ RunTime:0.016262s ]
INFO: [ view_filter ] --START--
INFO: Run Behavior\WriteHtmlCacheBehavior [ RunTime:0.000027s ]
INFO: [ view_filter ] --END-- [ RunTime:-0.000252s ]
INFO: [ app_end ] --START--
INFO: Run Behavior\ShowPageTraceBehavior [ RunTime:0.000487s ]
INFO: [ app_end ] --END-- [ RunTime:0.000612s ]

[ 2015-05-21T23:44:09+08:00 ] 58.44.96.50 /
INFO: [ app_init ] --START--
INFO: Run Behavior\BuildLiteBehavior [ RunTime:0.000023s ]
INFO: [ app_init ] --END-- [ RunTime:0.000371s ]
INFO: [ app_begin ] --START--
INFO: Run Behavior\ReadHtmlCacheBehavior [ RunTime:0.000424s ]
INFO: [ app_begin ] --END-- [ RunTime:0.000569s ]
SQL: SHOW COLUMNS FROM `peter_ad` [ RunTime:0.0084s ]
SQL: SELECT * FROM `peter_ad`  [ RunTime:0.0003s ]
INFO: [ view_parse ] --START--
INFO: [ template_filter ] --START--
INFO: Run Behavior\ContentReplaceBehavior [ RunTime:0.000155s ]
INFO: [ template_filter ] --END-- [ RunTime:0.000267s ]
SQL: SHOW COLUMNS FROM `peter_nav` [ RunTime:0.0059s ]
SQL: SELECT * FROM `peter_nav` WHERE `isshow` = '1' AND `pid` = 0  [ RunTime:0.0003s ]
SQL: SHOW COLUMNS FROM `peter_nav` [ RunTime:0.0039s ]
SQL: SELECT * FROM `peter_nav` WHERE `isshow` = '1' AND `pid` = 0  [ RunTime:0.0003s ]
SQL: SHOW COLUMNS FROM `peter_nav` [ RunTime:0.0031s ]
SQL: SELECT * FROM `peter_nav` WHERE ( 1=1 AND pid='2' )  [ RunTime:0.0003s ]
SQL: SELECT * FROM `peter_nav` WHERE ( 1=1 AND pid='10' )  [ RunTime:0.0002s ]
SQL: SELECT * FROM `peter_nav` WHERE ( 1=1 AND pid='11' )  [ RunTime:0.0002s ]
SQL: SELECT * FROM `peter_nav` WHERE ( 1=1 AND pid='12' )  [ RunTime:0.0002s ]
INFO: [ view_parse ] --START--
INFO: [ template_filter ] --START--
INFO: Run Behavior\ContentReplaceBehavior [ RunTime:0.000091s ]
INFO: [ template_filter ] --END-- [ RunTime:-0.035355s ]
SQL: SHOW COLUMNS FROM `peter_nav` [ RunTime:0.0045s ]
SQL: SELECT * FROM `peter_nav` WHERE `pid` = 7 AND `isshow` = '1'  [ RunTime:0.0004s ]
SQL: SELECT * FROM `peter_nav` WHERE `pid` = 9 AND `isshow` = '1'  [ RunTime:0.0003s ]
INFO: Run Behavior\ParseTemplateBehavior [ RunTime:0.016077s ]
INFO: [ view_parse ] --END-- [ RunTime:0.016192s ]
INFO: [ view_filter ] --START--
INFO: Run Behavior\WriteHtmlCacheBehavior [ RunTime:0.000322s ]
INFO: [ view_filter ] --END-- [ RunTime:0.000427s ]
INFO: Run Behavior\ParseTemplateBehavior [ RunTime:0.016792s ]
INFO: [ view_parse ] --END-- [ RunTime:0.016192s ]
INFO: [ view_filter ] --START--
INFO: Run Behavior\WriteHtmlCacheBehavior [ RunTime:0.000027s ]
INFO: [ view_filter ] --END-- [ RunTime:-0.000273s ]
INFO: [ app_end ] --START--
INFO: Run Behavior\ShowPageTraceBehavior [ RunTime:0.000482s ]
INFO: [ app_end ] --END-- [ RunTime:0.000592s ]

[ 2015-05-21T23:44:40+08:00 ] 58.44.96.50 /
INFO: [ app_init ] --START--
INFO: Run Behavior\BuildLiteBehavior [ RunTime:0.000027s ]
INFO: [ app_init ] --END-- [ RunTime:0.000411s ]
INFO: [ app_begin ] --START--
INFO: Run Behavior\ReadHtmlCacheBehavior [ RunTime:0.000444s ]
INFO: [ app_begin ] --END-- [ RunTime:0.000587s ]
SQL: SHOW COLUMNS FROM `peter_ad` [ RunTime:0.0113s ]
SQL: SELECT * FROM `peter_ad`  [ RunTime:0.0005s ]
INFO: [ view_parse ] --START--
INFO: [ template_filter ] --START--
INFO: Run Behavior\ContentReplaceBehavior [ RunTime:0.000157s ]
INFO: [ template_filter ] --END-- [ RunTime:0.000277s ]
SQL: SHOW COLUMNS FROM `peter_nav` [ RunTime:0.0067s ]
SQL: SELECT * FROM `peter_nav` WHERE `isshow` = '1' AND `pid` = 0  [ RunTime:0.0003s ]
SQL: SHOW COLUMNS FROM `peter_nav` [ RunTime:0.0033s ]
SQL: SELECT * FROM `peter_nav` WHERE `isshow` = '1' AND `pid` = 0  [ RunTime:0.0005s ]
SQL: SHOW COLUMNS FROM `peter_nav` [ RunTime:0.0044s ]
SQL: SELECT * FROM `peter_nav` WHERE ( 1=1 AND pid='2' )  [ RunTime:0.0003s ]
SQL: SELECT * FROM `peter_nav` WHERE ( 1=1 AND pid='10' )  [ RunTime:0.0003s ]
SQL: SELECT * FROM `peter_nav` WHERE ( 1=1 AND pid='11' )  [ RunTime:0.0003s ]
SQL: SELECT * FROM `peter_nav` WHERE ( 1=1 AND pid='12' )  [ RunTime:0.0003s ]
INFO: [ view_parse ] --START--
INFO: [ template_filter ] --START--
INFO: Run Behavior\ContentReplaceBehavior [ RunTime:0.000093s ]
INFO: [ template_filter ] --END-- [ RunTime:-0.038116s ]
SQL: SHOW COLUMNS FROM `peter_nav` [ RunTime:0.0079s ]
SQL: SELECT * FROM `peter_nav` WHERE `pid` = 7 AND `isshow` = '1'  [ RunTime:0.0004s ]
SQL: SELECT * FROM `peter_nav` WHERE `pid` = 9 AND `isshow` = '1'  [ RunTime:0.0003s ]
INFO: Run Behavior\ParseTemplateBehavior [ RunTime:0.020168s ]
INFO: [ view_parse ] --END-- [ RunTime:0.020363s ]
INFO: [ view_filter ] --START--
INFO: Run Behavior\WriteHtmlCacheBehavior [ RunTime:0.000299s ]
INFO: [ view_filter ] --END-- [ RunTime:0.000414s ]
INFO: Run Behavior\ParseTemplateBehavior [ RunTime:0.021013s ]
INFO: [ view_parse ] --END-- [ RunTime:0.020363s ]
INFO: [ view_filter ] --START--
INFO: Run Behavior\WriteHtmlCacheBehavior [ RunTime:0.000027s ]
INFO: [ view_filter ] --END-- [ RunTime:-0.000383s ]
INFO: [ app_end ] --START--
INFO: Run Behavior\ShowPageTraceBehavior [ RunTime:0.000481s ]
INFO: [ app_end ] --END-- [ RunTime:0.000591s ]

[ 2015-05-21T23:45:38+08:00 ] 58.44.96.50 /
INFO: [ app_init ] --START--
INFO: Run Behavior\BuildLiteBehavior [ RunTime:0.000054s ]
INFO: [ app_init ] --END-- [ RunTime:0.000777s ]
INFO: [ app_begin ] --START--
INFO: Run Behavior\ReadHtmlCacheBehavior [ RunTime:0.000795s ]
INFO: [ app_begin ] --END-- [ RunTime:0.001041s ]
SQL: SHOW COLUMNS FROM `peter_ad` [ RunTime:0.0075s ]
SQL: SELECT * FROM `peter_ad` WHERE `ad_position` = 1  [ RunTime:0.0003s ]
INFO: [ view_parse ] --START--
INFO: [ template_filter ] --START--
INFO: Run Behavior\ContentReplaceBehavior [ RunTime:0.000141s ]
INFO: [ template_filter ] --END-- [ RunTime:0.000253s ]
SQL: SHOW COLUMNS FROM `peter_nav` [ RunTime:0.0057s ]
SQL: SELECT * FROM `peter_nav` WHERE `isshow` = '1' AND `pid` = 0  [ RunTime:0.0006s ]
SQL: SHOW COLUMNS FROM `peter_nav` [ RunTime:0.0032s ]
SQL: SELECT * FROM `peter_nav` WHERE `isshow` = '1' AND `pid` = 0  [ RunTime:0.0003s ]
SQL: SHOW COLUMNS FROM `peter_nav` [ RunTime:0.0038s ]
SQL: SELECT * FROM `peter_nav` WHERE ( 1=1 AND pid='2' )  [ RunTime:0.0004s ]
SQL: SELECT * FROM `peter_nav` WHERE ( 1=1 AND pid='10' )  [ RunTime:0.0003s ]
SQL: SELECT * FROM `peter_nav` WHERE ( 1=1 AND pid='11' )  [ RunTime:0.0003s ]
SQL: SELECT * FROM `peter_nav` WHERE ( 1=1 AND pid='12' )  [ RunTime:0.0002s ]
INFO: [ view_parse ] --START--
INFO: [ template_filter ] --START--
INFO: Run Behavior\ContentReplaceBehavior [ RunTime:0.000093s ]
INFO: [ template_filter ] --END-- [ RunTime:-0.035376s ]
SQL: SHOW COLUMNS FROM `peter_nav` [ RunTime:0.0059s ]
SQL: SELECT * FROM `peter_nav` WHERE `pid` = 7 AND `isshow` = '1'  [ RunTime:0.0004s ]
SQL: SELECT * FROM `peter_nav` WHERE `pid` = 9 AND `isshow` = '1'  [ RunTime:0.0004s ]
INFO: Run Behavior\ParseTemplateBehavior [ RunTime:0.017694s ]
INFO: [ view_parse ] --END-- [ RunTime:0.017812s ]
INFO: [ view_filter ] --START--
INFO: Run Behavior\WriteHtmlCacheBehavior [ RunTime:0.000341s ]
INFO: [ view_filter ] --END-- [ RunTime:0.000446s ]
INFO: Run Behavior\ParseTemplateBehavior [ RunTime:0.018411s ]
INFO: [ view_parse ] --END-- [ RunTime:0.017812s ]
INFO: [ view_filter ] --START--
INFO: Run Behavior\WriteHtmlCacheBehavior [ RunTime:0.000029s ]
INFO: [ view_filter ] --END-- [ RunTime:-0.000255s ]
INFO: [ app_end ] --START--
INFO: Run Behavior\ShowPageTraceBehavior [ RunTime:0.001018s ]
INFO: [ app_end ] --END-- [ RunTime:0.001239s ]

[ 2015-05-21T23:45:46+08:00 ] 58.44.96.50 /
INFO: [ app_init ] --START--
INFO: Run Behavior\BuildLiteBehavior [ RunTime:0.000027s ]
INFO: [ app_init ] --END-- [ RunTime:0.000400s ]
INFO: [ app_begin ] --START--
INFO: Run Behavior\ReadHtmlCacheBehavior [ RunTime:0.000384s ]
INFO: [ app_begin ] --END-- [ RunTime:0.000513s ]
SQL: SHOW COLUMNS FROM `peter_ad` [ RunTime:0.0086s ]
SQL: SELECT * FROM `peter_ad` WHERE `ad_position` = 0  [ RunTime:0.0003s ]
INFO: [ view_parse ] --START--
INFO: [ template_filter ] --START--
INFO: Run Behavior\ContentReplaceBehavior [ RunTime:0.000172s ]
INFO: [ template_filter ] --END-- [ RunTime:0.000318s ]
SQL: SHOW COLUMNS FROM `peter_nav` [ RunTime:0.0071s ]
SQL: SELECT * FROM `peter_nav` WHERE `isshow` = '1' AND `pid` = 0  [ RunTime:0.0005s ]
SQL: SHOW COLUMNS FROM `peter_nav` [ RunTime:0.0043s ]
SQL: SELECT * FROM `peter_nav` WHERE `isshow` = '1' AND `pid` = 0  [ RunTime:0.0004s ]
SQL: SHOW COLUMNS FROM `peter_nav` [ RunTime:0.0032s ]
SQL: SELECT * FROM `peter_nav` WHERE ( 1=1 AND pid='2' )  [ RunTime:0.0003s ]
SQL: SELECT * FROM `peter_nav` WHERE ( 1=1 AND pid='10' )  [ RunTime:0.0002s ]
SQL: SELECT * FROM `peter_nav` WHERE ( 1=1 AND pid='11' )  [ RunTime:0.0002s ]
SQL: SELECT * FROM `peter_nav` WHERE ( 1=1 AND pid='12' )  [ RunTime:0.0002s ]
INFO: [ view_parse ] --START--
INFO: [ template_filter ] --START--
INFO: Run Behavior\ContentReplaceBehavior [ RunTime:0.000096s ]
INFO: [ template_filter ] --END-- [ RunTime:-0.037174s ]
SQL: SHOW COLUMNS FROM `peter_nav` [ RunTime:0.0037s ]
SQL: SELECT * FROM `peter_nav` WHERE `pid` = 7 AND `isshow` = '1'  [ RunTime:0.0003s ]
SQL: SELECT * FROM `peter_nav` WHERE `pid` = 9 AND `isshow` = '1'  [ RunTime:0.0002s ]
INFO: Run Behavior\ParseTemplateBehavior [ RunTime:0.015456s ]
INFO: [ view_parse ] --END-- [ RunTime:0.015572s ]
INFO: [ view_filter ] --START--
INFO: Run Behavior\WriteHtmlCacheBehavior [ RunTime:0.000258s ]
INFO: [ view_filter ] --END-- [ RunTime:0.000361s ]
INFO: Run Behavior\ParseTemplateBehavior [ RunTime:0.016087s ]
INFO: [ view_parse ] --END-- [ RunTime:0.015572s ]
INFO: [ view_filter ] --START--
INFO: Run Behavior\WriteHtmlCacheBehavior [ RunTime:0.000028s ]
INFO: [ view_filter ] --END-- [ RunTime:-0.000247s ]
INFO: [ app_end ] --START--
INFO: Run Behavior\ShowPageTraceBehavior [ RunTime:0.000552s ]
INFO: [ app_end ] --END-- [ RunTime:0.000688s ]

[ 2015-05-21T23:45:52+08:00 ] 58.44.96.50 /
INFO: [ app_init ] --START--
INFO: Run Behavior\BuildLiteBehavior [ RunTime:0.000056s ]
INFO: [ app_init ] --END-- [ RunTime:0.000808s ]
INFO: [ app_begin ] --START--
INFO: Run Behavior\ReadHtmlCacheBehavior [ RunTime:0.000414s ]
INFO: [ app_begin ] --END-- [ RunTime:0.000546s ]
SQL: SHOW COLUMNS FROM `peter_ad` [ RunTime:0.0081s ]
SQL: SELECT * FROM `peter_ad` WHERE `ad_position` = 1  [ RunTime:0.0004s ]
INFO: [ view_parse ] --START--
INFO: [ template_filter ] --START--
INFO: Run Behavior\ContentReplaceBehavior [ RunTime:0.000151s ]
INFO: [ template_filter ] --END-- [ RunTime:0.000272s ]
SQL: SHOW COLUMNS FROM `peter_nav` [ RunTime:0.0062s ]
SQL: SELECT * FROM `peter_nav` WHERE `isshow` = '1' AND `pid` = 0  [ RunTime:0.0003s ]
SQL: SHOW COLUMNS FROM `peter_nav` [ RunTime:0.0034s ]
SQL: SELECT * FROM `peter_nav` WHERE `isshow` = '1' AND `pid` = 0  [ RunTime:0.0004s ]
SQL: SHOW COLUMNS FROM `peter_nav` [ RunTime:0.0046s ]
SQL: SELECT * FROM `peter_nav` WHERE ( 1=1 AND pid='2' )  [ RunTime:0.0004s ]
SQL: SELECT * FROM `peter_nav` WHERE ( 1=1 AND pid='10' )  [ RunTime:0.0003s ]
SQL: SELECT * FROM `peter_nav` WHERE ( 1=1 AND pid='11' )  [ RunTime:0.0002s ]
SQL: SELECT * FROM `peter_nav` WHERE ( 1=1 AND pid='12' )  [ RunTime:0.0003s ]
INFO: [ view_parse ] --START--
INFO: [ template_filter ] --START--
INFO: Run Behavior\ContentReplaceBehavior [ RunTime:0.000091s ]
INFO: [ template_filter ] --END-- [ RunTime:-0.037061s ]
SQL: SHOW COLUMNS FROM `peter_nav` [ RunTime:0.0043s ]
SQL: SELECT * FROM `peter_nav` WHERE `pid` = 7 AND `isshow` = '1'  [ RunTime:0.0004s ]
SQL: SELECT * FROM `peter_nav` WHERE `pid` = 9 AND `isshow` = '1'  [ RunTime:0.0003s ]
INFO: Run Behavior\ParseTemplateBehavior [ RunTime:0.016195s ]
INFO: [ view_parse ] --END-- [ RunTime:0.016311s ]
INFO: [ view_filter ] --START--
INFO: Run Behavior\WriteHtmlCacheBehavior [ RunTime:0.000283s ]
INFO: [ view_filter ] --END-- [ RunTime:0.000389s ]
INFO: Run Behavior\ParseTemplateBehavior [ RunTime:0.016846s ]
INFO: [ view_parse ] --END-- [ RunTime:0.016311s ]
INFO: [ view_filter ] --START--
INFO: Run Behavior\WriteHtmlCacheBehavior [ RunTime:0.000026s ]
INFO: [ view_filter ] --END-- [ RunTime:-0.000248s ]
INFO: [ app_end ] --START--
INFO: Run Behavior\ShowPageTraceBehavior [ RunTime:0.000476s ]
INFO: [ app_end ] --END-- [ RunTime:0.000589s ]

