[ 2015-05-22T00:10:18+08:00 ] 58.44.96.50 /
INFO: [ app_init ] --START--
INFO: Run Behavior\BuildLiteBehavior [ RunTime:0.000025s ]
INFO: [ app_init ] --END-- [ RunTime:0.000358s ]
INFO: [ app_begin ] --START--
INFO: Run Behavior\ReadHtmlCacheBehavior [ RunTime:0.000400s ]
INFO: [ app_begin ] --END-- [ RunTime:0.000520s ]
SQL: SHOW COLUMNS FROM `peter_ad` [ RunTime:0.0089s ]
SQL: SELECT * FROM `peter_ad` WHERE `ad_position` = 1  [ RunTime:0.0004s ]
INFO: [ view_parse ] --START--
INFO: [ template_filter ] --START--
INFO: Run Behavior\ContentReplaceBehavior [ RunTime:0.000176s ]
INFO: [ template_filter ] --END-- [ RunTime:0.000300s ]
SQL: SHOW COLUMNS FROM `peter_nav` [ RunTime:0.0073s ]
SQL: SELECT * FROM `peter_nav` WHERE `isshow` = '1' AND `pid` = 0  [ RunTime:0.0005s ]
SQL: SHOW COLUMNS FROM `peter_nav` [ RunTime:0.0033s ]
SQL: SELECT * FROM `peter_nav` WHERE `isshow` = '1' AND `pid` = 0  [ RunTime:0.0003s ]
SQL: SHOW COLUMNS FROM `peter_nav` [ RunTime:0.0037s ]
SQL: SELECT * FROM `peter_nav` WHERE ( 1=1 AND pid='2' )  [ RunTime:0.0004s ]
SQL: SELECT * FROM `peter_nav` WHERE ( 1=1 AND pid='10' )  [ RunTime:0.0003s ]
SQL: SELECT * FROM `peter_nav` WHERE ( 1=1 AND pid='11' )  [ RunTime:0.0003s ]
SQL: SELECT * FROM `peter_nav` WHERE ( 1=1 AND pid='12' )  [ RunTime:0.0003s ]
SQL: SELECT * FROM `peter_nav` WHERE ( 1=1 AND pid='20' )  [ RunTime:0.0003s ]
INFO: [ view_parse ] --START--
INFO: [ template_filter ] --START--
INFO: Run Behavior\ContentReplaceBehavior [ RunTime:0.000095s ]
INFO: [ template_filter ] --END-- [ RunTime:-0.037646s ]
SQL: SHOW COLUMNS FROM `peter_nav` [ RunTime:0.0043s ]
SQL: SELECT * FROM `peter_nav` WHERE `pid` = 7 AND `isshow` = '1'  [ RunTime:0.0003s ]
SQL: SELECT * FROM `peter_nav` WHERE `pid` = 9 AND `isshow` = '1'  [ RunTime:0.0004s ]
INFO: Run Behavior\ParseTemplateBehavior [ RunTime:0.030499s ]
INFO: [ view_parse ] --END-- [ RunTime:0.030661s ]
INFO: [ view_filter ] --START--
INFO: Run Behavior\WriteHtmlCacheBehavior [ RunTime:0.000417s ]
INFO: [ view_filter ] --END-- [ RunTime:0.000537s ]
INFO: Run Behavior\ParseTemplateBehavior [ RunTime:0.031404s ]
INFO: [ view_parse ] --END-- [ RunTime:0.030661s ]
INFO: [ view_filter ] --START--
INFO: Run Behavior\WriteHtmlCacheBehavior [ RunTime:0.000031s ]
INFO: [ view_filter ] --END-- [ RunTime:-0.000323s ]
INFO: [ app_end ] --START--
INFO: Run Behavior\ShowPageTraceBehavior [ RunTime:0.000729s ]
INFO: [ app_end ] --END-- [ RunTime:0.000883s ]

[ 2015-05-22T00:24:12+08:00 ] 58.44.96.50 /
INFO: [ app_init ] --START--
INFO: Run Behavior\BuildLiteBehavior [ RunTime:0.000052s ]
INFO: [ app_init ] --END-- [ RunTime:0.000832s ]
INFO: [ app_begin ] --START--
INFO: Run Behavior\ReadHtmlCacheBehavior [ RunTime:0.000765s ]
INFO: [ app_begin ] --END-- [ RunTime:0.001009s ]
SQL: SHOW COLUMNS FROM `peter_ad` [ RunTime:0.0077s ]
SQL: SELECT * FROM `peter_ad` WHERE `ad_position` = 1  [ RunTime:0.0003s ]
INFO: [ view_parse ] --START--
INFO: [ template_filter ] --START--
INFO: Run Behavior\ContentReplaceBehavior [ RunTime:0.000165s ]
INFO: [ template_filter ] --END-- [ RunTime:0.000291s ]
SQL: SHOW COLUMNS FROM `peter_nav` [ RunTime:0.0060s ]
SQL: SELECT * FROM `peter_nav` WHERE `isshow` = '1' AND `pid` = 0  [ RunTime:0.0003s ]
SQL: SHOW COLUMNS FROM `peter_nav` [ RunTime:0.0034s ]
SQL: SELECT * FROM `peter_nav` WHERE `isshow` = '1' AND `pid` = 0  [ RunTime:0.0004s ]
SQL: SHOW COLUMNS FROM `peter_nav` [ RunTime:0.0031s ]
SQL: SELECT * FROM `peter_nav` WHERE ( 1=1 AND pid='2' )  [ RunTime:0.0003s ]
SQL: SELECT * FROM `peter_nav` WHERE ( 1=1 AND pid='10' )  [ RunTime:0.0002s ]
SQL: SELECT * FROM `peter_nav` WHERE ( 1=1 AND pid='11' )  [ RunTime:0.0002s ]
SQL: SELECT * FROM `peter_nav` WHERE ( 1=1 AND pid='12' )  [ RunTime:0.0003s ]
SQL: SELECT * FROM `peter_nav` WHERE ( 1=1 AND pid='20' )  [ RunTime:0.0002s ]
INFO: [ view_parse ] --START--
INFO: [ template_filter ] --START--
INFO: Run Behavior\ContentReplaceBehavior [ RunTime:0.000094s ]
INFO: [ template_filter ] --END-- [ RunTime:-0.035967s ]
SQL: SHOW COLUMNS FROM `peter_nav` [ RunTime:0.0050s ]
SQL: SELECT * FROM `peter_nav` WHERE `pid` = 7 AND `isshow` = '1'  [ RunTime:0.0005s ]
SQL: SELECT * FROM `peter_nav` WHERE `pid` = 9 AND `isshow` = '1'  [ RunTime:0.0004s ]
INFO: Run Behavior\ParseTemplateBehavior [ RunTime:0.016921s ]
INFO: [ view_parse ] --END-- [ RunTime:0.017043s ]
INFO: [ view_filter ] --START--
INFO: Run Behavior\WriteHtmlCacheBehavior [ RunTime:0.000291s ]
INFO: [ view_filter ] --END-- [ RunTime:0.000403s ]
INFO: Run Behavior\ParseTemplateBehavior [ RunTime:0.017606s ]
INFO: [ view_parse ] --END-- [ RunTime:0.017043s ]
INFO: [ view_filter ] --START--
INFO: Run Behavior\WriteHtmlCacheBehavior [ RunTime:0.000028s ]
INFO: [ view_filter ] --END-- [ RunTime:-0.000265s ]
INFO: [ app_end ] --START--
INFO: Run Behavior\ShowPageTraceBehavior [ RunTime:0.000490s ]
INFO: [ app_end ] --END-- [ RunTime:0.000612s ]

[ 2015-05-22T00:24:32+08:00 ] 58.44.96.50 /
INFO: [ app_init ] --START--
INFO: Run Behavior\BuildLiteBehavior [ RunTime:0.000032s ]
INFO: [ app_init ] --END-- [ RunTime:0.000449s ]
INFO: [ app_begin ] --START--
INFO: Run Behavior\ReadHtmlCacheBehavior [ RunTime:0.000506s ]
INFO: [ app_begin ] --END-- [ RunTime:0.000664s ]
SQL: SHOW COLUMNS FROM `peter_ad` [ RunTime:0.0082s ]
SQL: SELECT * FROM `peter_ad` WHERE `ad_position` = 1  [ RunTime:0.0004s ]
INFO: [ view_parse ] --START--
INFO: [ template_filter ] --START--
INFO: Run Behavior\ContentReplaceBehavior [ RunTime:0.000179s ]
INFO: [ template_filter ] --END-- [ RunTime:0.000305s ]
SQL: SHOW COLUMNS FROM `peter_nav` [ RunTime:0.0067s ]
SQL: SELECT * FROM `peter_nav` WHERE `isshow` = '1' AND `pid` = 0  [ RunTime:0.0004s ]
SQL: SHOW COLUMNS FROM `peter_nav` [ RunTime:0.0036s ]
SQL: SELECT * FROM `peter_nav` WHERE `isshow` = '1' AND `pid` = 0  [ RunTime:0.0003s ]
SQL: SHOW COLUMNS FROM `peter_nav` [ RunTime:0.0036s ]
SQL: SELECT * FROM `peter_nav` WHERE ( 1=1 AND pid='2' )  [ RunTime:0.0004s ]
SQL: SELECT * FROM `peter_nav` WHERE ( 1=1 AND pid='10' )  [ RunTime:0.0003s ]
SQL: SELECT * FROM `peter_nav` WHERE ( 1=1 AND pid='11' )  [ RunTime:0.0003s ]
SQL: SELECT * FROM `peter_nav` WHERE ( 1=1 AND pid='12' )  [ RunTime:0.0002s ]
SQL: SELECT * FROM `peter_nav` WHERE ( 1=1 AND pid='20' )  [ RunTime:0.0003s ]
INFO: [ view_parse ] --START--
INFO: [ template_filter ] --START--
INFO: Run Behavior\ContentReplaceBehavior [ RunTime:0.000090s ]
INFO: [ template_filter ] --END-- [ RunTime:-0.035936s ]
SQL: SHOW COLUMNS FROM `peter_nav` [ RunTime:0.0039s ]
SQL: SELECT * FROM `peter_nav` WHERE `pid` = 7 AND `isshow` = '1'  [ RunTime:0.0004s ]
SQL: SELECT * FROM `peter_nav` WHERE `pid` = 9 AND `isshow` = '1'  [ RunTime:0.0002s ]
INFO: Run Behavior\ParseTemplateBehavior [ RunTime:0.015122s ]
INFO: [ view_parse ] --END-- [ RunTime:0.015240s ]
INFO: [ view_filter ] --START--
INFO: Run Behavior\WriteHtmlCacheBehavior [ RunTime:0.000292s ]
INFO: [ view_filter ] --END-- [ RunTime:0.000397s ]
INFO: Run Behavior\ParseTemplateBehavior [ RunTime:0.015778s ]
INFO: [ view_parse ] --END-- [ RunTime:0.015240s ]
INFO: [ view_filter ] --START--
INFO: Run Behavior\WriteHtmlCacheBehavior [ RunTime:0.000028s ]
INFO: [ view_filter ] --END-- [ RunTime:-0.000246s ]
INFO: [ app_end ] --START--
INFO: Run Behavior\ShowPageTraceBehavior [ RunTime:0.000406s ]
INFO: [ app_end ] --END-- [ RunTime:0.000517s ]

[ 2015-05-22T00:24:54+08:00 ] 58.44.96.50 /
INFO: [ app_init ] --START--
INFO: Run Behavior\BuildLiteBehavior [ RunTime:0.000049s ]
INFO: [ app_init ] --END-- [ RunTime:0.000717s ]
INFO: [ app_begin ] --START--
INFO: Run Behavior\ReadHtmlCacheBehavior [ RunTime:0.000837s ]
INFO: [ app_begin ] --END-- [ RunTime:0.001099s ]
SQL: SHOW COLUMNS FROM `peter_ad` [ RunTime:0.0074s ]
SQL: SELECT * FROM `peter_ad` WHERE `ad_position` = 1  [ RunTime:0.0004s ]
INFO: [ view_parse ] --START--
INFO: [ template_filter ] --START--
INFO: Run Behavior\ContentReplaceBehavior [ RunTime:0.000161s ]
INFO: [ template_filter ] --END-- [ RunTime:0.000289s ]
SQL: SHOW COLUMNS FROM `peter_nav` [ RunTime:0.0065s ]
SQL: SELECT * FROM `peter_nav` WHERE `isshow` = '1' AND `pid` = 0  [ RunTime:0.0004s ]
SQL: SHOW COLUMNS FROM `peter_nav` [ RunTime:0.0034s ]
SQL: SELECT * FROM `peter_nav` WHERE `isshow` = '1' AND `pid` = 0  [ RunTime:0.0003s ]
SQL: SHOW COLUMNS FROM `peter_nav` [ RunTime:0.0035s ]
SQL: SELECT * FROM `peter_nav` WHERE ( 1=1 AND pid='2' )  [ RunTime:0.0003s ]
SQL: SELECT * FROM `peter_nav` WHERE ( 1=1 AND pid='10' )  [ RunTime:0.0003s ]
SQL: SELECT * FROM `peter_nav` WHERE ( 1=1 AND pid='11' )  [ RunTime:0.0003s ]
SQL: SELECT * FROM `peter_nav` WHERE ( 1=1 AND pid='12' )  [ RunTime:0.0002s ]
INFO: [ view_parse ] --START--
INFO: [ template_filter ] --START--
INFO: Run Behavior\ContentReplaceBehavior [ RunTime:0.000092s ]
INFO: [ template_filter ] --END-- [ RunTime:-0.035314s ]
SQL: SHOW COLUMNS FROM `peter_nav` [ RunTime:0.0042s ]
SQL: SELECT * FROM `peter_nav` WHERE `pid` = 7 AND `isshow` = '1'  [ RunTime:0.0005s ]
SQL: SELECT * FROM `peter_nav` WHERE `pid` = 9 AND `isshow` = '1'  [ RunTime:0.0003s ]
INFO: Run Behavior\ParseTemplateBehavior [ RunTime:0.015665s ]
INFO: [ view_parse ] --END-- [ RunTime:0.015789s ]
INFO: [ view_filter ] --START--
INFO: Run Behavior\WriteHtmlCacheBehavior [ RunTime:0.000362s ]
INFO: [ view_filter ] --END-- [ RunTime:0.000472s ]
INFO: Run Behavior\ParseTemplateBehavior [ RunTime:0.016426s ]
INFO: [ view_parse ] --END-- [ RunTime:0.015789s ]
INFO: [ view_filter ] --START--
INFO: Run Behavior\WriteHtmlCacheBehavior [ RunTime:0.000029s ]
INFO: [ view_filter ] --END-- [ RunTime:-0.000267s ]
INFO: [ app_end ] --START--
INFO: Run Behavior\ShowPageTraceBehavior [ RunTime:0.000543s ]
INFO: [ app_end ] --END-- [ RunTime:0.000662s ]

