[ 2015-05-20T23:36:52+08:00 ] 127.0.0.1 /index.php/doc/doc.css
INFO: [ app_init ] --START--
INFO: Run Behavior\BuildLiteBehavior [ RunTime:0.000040s ]
INFO: [ app_init ] --END-- [ RunTime:0.000456s ]
ERR: 无法加载模块:Doc

[ 2015-05-20T23:36:53+08:00 ] 127.0.0.1 /index.php/index_layout.html?_=1432136213324
INFO: [ app_init ] --START--
INFO: Run Behavior\BuildLiteBehavior [ RunTime:0.000041s ]
INFO: [ app_init ] --END-- [ RunTime:0.000526s ]
ERR: 无法加载模块:Index_layout

[ 2015-05-20T23:37:06+08:00 ] 127.0.0.1 /index.php/doc/doc.css
INFO: [ app_init ] --START--
INFO: Run Behavior\BuildLiteBehavior [ RunTime:0.000062s ]
INFO: [ app_init ] --END-- [ RunTime:0.000535s ]
ERR: 无法加载模块:Doc

[ 2015-05-20T23:37:06+08:00 ] 127.0.0.1 /index.php/index.html?_=1432136226672
INFO: [ app_init ] --START--
INFO: Run Behavior\BuildLiteBehavior [ RunTime:0.000042s ]
INFO: [ app_init ] --END-- [ RunTime:0.000511s ]
ERR: 无法加载模块:Index

[ 2015-05-20T23:37:09+08:00 ] 127.0.0.1 /index.php/doc/doc.css
INFO: [ app_init ] --START--
INFO: Run Behavior\BuildLiteBehavior [ RunTime:0.000042s ]
INFO: [ app_init ] --END-- [ RunTime:0.000526s ]
ERR: 无法加载模块:Doc

[ 2015-05-20T23:37:09+08:00 ] 127.0.0.1 /index.php/index.html?_=1432136229294
INFO: [ app_init ] --START--
INFO: Run Behavior\BuildLiteBehavior [ RunTime:0.000041s ]
INFO: [ app_init ] --END-- [ RunTime:0.000511s ]
ERR: 无法加载模块:Index

[ 2015-05-20T23:37:43+08:00 ] 127.0.0.1 /index.php/doc/doc.css
INFO: [ app_init ] --START--
INFO: Run Behavior\BuildLiteBehavior [ RunTime:0.000051s ]
INFO: [ app_init ] --END-- [ RunTime:0.000687s ]
ERR: 无法加载模块:Doc

[ 2015-05-20T23:37:44+08:00 ] 127.0.0.1 /index.php/doc/doc.css
INFO: [ app_init ] --START--
INFO: Run Behavior\BuildLiteBehavior [ RunTime:0.000047s ]
INFO: [ app_init ] --END-- [ RunTime:0.000796s ]
ERR: 无法加载模块:Doc

[ 2015-05-20T23:37:47+08:00 ] 127.0.0.1 /index.php/doc/doc.css
INFO: [ app_init ] --START--
INFO: Run Behavior\BuildLiteBehavior [ RunTime:0.000041s ]
INFO: [ app_init ] --END-- [ RunTime:0.000554s ]
ERR: 无法加载模块:Doc

[ 2015-05-20T23:37:47+08:00 ] 127.0.0.1 /index.php/doc/doc.css
INFO: [ app_init ] --START--
INFO: Run Behavior\BuildLiteBehavior [ RunTime:0.000049s ]
INFO: [ app_init ] --END-- [ RunTime:0.000559s ]
ERR: 无法加载模块:Doc

[ 2015-05-20T23:37:54+08:00 ] 127.0.0.1 /index.php/doc/doc.css
INFO: [ app_init ] --START--
INFO: Run Behavior\BuildLiteBehavior [ RunTime:0.000047s ]
INFO: [ app_init ] --END-- [ RunTime:0.000552s ]
ERR: 无法加载模块:Doc

[ 2015-05-20T23:37:54+08:00 ] 127.0.0.1 /index.php/doc/doc.css
INFO: [ app_init ] --START--
INFO: Run Behavior\BuildLiteBehavior [ RunTime:0.000050s ]
INFO: [ app_init ] --END-- [ RunTime:0.000692s ]
ERR: 无法加载模块:Doc

[ 2015-05-20T23:37:55+08:00 ] 127.0.0.1 /index.php/bootstrap-select.js.map
INFO: [ app_init ] --START--
INFO: Run Behavior\BuildLiteBehavior [ RunTime:0.000040s ]
INFO: [ app_init ] --END-- [ RunTime:0.000452s ]
ERR: 无法加载模块:Bootstrap-select.js

