[ 2015-05-21T08:37:13+08:00 ] 127.0.0.1 /index.php/doc/doc.css
INFO: [ app_init ] --START--
INFO: Run Behavior\BuildLiteBehavior [ RunTime:0.000025s ]
INFO: [ app_init ] --END-- [ RunTime:0.000383s ]
ERR: 无法加载模块:Doc

[ 2015-05-21T08:37:13+08:00 ] 127.0.0.1 /index.php/doc/doc.css
INFO: [ app_init ] --START--
INFO: Run Behavior\BuildLiteBehavior [ RunTime:0.000025s ]
INFO: [ app_init ] --END-- [ RunTime:0.000333s ]
ERR: 无法加载模块:Doc

[ 2015-05-21T08:37:18+08:00 ] 127.0.0.1 /index.php/doc/doc.css
INFO: [ app_init ] --START--
INFO: Run Behavior\BuildLiteBehavior [ RunTime:0.000024s ]
INFO: [ app_init ] --END-- [ RunTime:0.000379s ]
ERR: 无法加载模块:Doc

[ 2015-05-21T08:37:18+08:00 ] 127.0.0.1 /index.php/doc/doc.css
INFO: [ app_init ] --START--
INFO: Run Behavior\BuildLiteBehavior [ RunTime:0.000025s ]
INFO: [ app_init ] --END-- [ RunTime:0.000343s ]
ERR: 无法加载模块:Doc

[ 2015-05-21T08:37:26+08:00 ] 127.0.0.1 /index.php/doc/doc.css
INFO: [ app_init ] --START--
INFO: Run Behavior\BuildLiteBehavior [ RunTime:0.000034s ]
INFO: [ app_init ] --END-- [ RunTime:0.000368s ]
ERR: 无法加载模块:Doc

[ 2015-05-21T08:37:32+08:00 ] 127.0.0.1 /index.php/doc/doc.css
INFO: [ app_init ] --START--
INFO: Run Behavior\BuildLiteBehavior [ RunTime:0.000026s ]
INFO: [ app_init ] --END-- [ RunTime:0.000371s ]
ERR: 无法加载模块:Doc

[ 2015-05-21T08:37:33+08:00 ] 127.0.0.1 /index.php/doc/doc.css
INFO: [ app_init ] --START--
INFO: Run Behavior\BuildLiteBehavior [ RunTime:0.000024s ]
INFO: [ app_init ] --END-- [ RunTime:0.000341s ]
ERR: 无法加载模块:Doc

[ 2015-05-21T08:37:42+08:00 ] 127.0.0.1 /index.php/doc/doc.css
INFO: [ app_init ] --START--
INFO: Run Behavior\BuildLiteBehavior [ RunTime:0.000025s ]
INFO: [ app_init ] --END-- [ RunTime:0.000367s ]
ERR: 无法加载模块:Doc

[ 2015-05-21T08:37:57+08:00 ] 127.0.0.1 /index.php/doc/doc.css
INFO: [ app_init ] --START--
INFO: Run Behavior\BuildLiteBehavior [ RunTime:0.000029s ]
INFO: [ app_init ] --END-- [ RunTime:0.000431s ]
ERR: 无法加载模块:Doc

[ 2015-05-21T08:39:11+08:00 ] 127.0.0.1 /index.php/doc/doc.css
INFO: [ app_init ] --START--
INFO: Run Behavior\BuildLiteBehavior [ RunTime:0.000025s ]
INFO: [ app_init ] --END-- [ RunTime:0.000389s ]
ERR: 无法加载模块:Doc

[ 2015-05-21T08:39:31+08:00 ] 127.0.0.1 /index.php/doc/doc.css
INFO: [ app_init ] --START--
INFO: Run Behavior\BuildLiteBehavior [ RunTime:0.000025s ]
INFO: [ app_init ] --END-- [ RunTime:0.000351s ]
ERR: 无法加载模块:Doc

[ 2015-05-21T08:40:47+08:00 ] 127.0.0.1 /index.php/doc/doc.css
INFO: [ app_init ] --START--
INFO: Run Behavior\BuildLiteBehavior [ RunTime:0.000026s ]
INFO: [ app_init ] --END-- [ RunTime:0.000365s ]
ERR: 无法加载模块:Doc

[ 2015-05-21T08:41:01+08:00 ] 127.0.0.1 /index.php/doc/doc.css
INFO: [ app_init ] --START--
INFO: Run Behavior\BuildLiteBehavior [ RunTime:0.000027s ]
INFO: [ app_init ] --END-- [ RunTime:0.000407s ]
ERR: 无法加载模块:Doc

[ 2015-05-21T08:41:37+08:00 ] 127.0.0.1 /index.php/doc/doc.css
INFO: [ app_init ] --START--
INFO: Run Behavior\BuildLiteBehavior [ RunTime:0.000027s ]
INFO: [ app_init ] --END-- [ RunTime:0.000384s ]
ERR: 无法加载模块:Doc

[ 2015-05-21T08:42:39+08:00 ] 127.0.0.1 /index.php/doc/doc.css
INFO: [ app_init ] --START--
INFO: Run Behavior\BuildLiteBehavior [ RunTime:0.000025s ]
INFO: [ app_init ] --END-- [ RunTime:0.000400s ]
ERR: 无法加载模块:Doc

[ 2015-05-21T08:46:34+08:00 ] 127.0.0.1 /index.php/doc/doc.css
INFO: [ app_init ] --START--
INFO: Run Behavior\BuildLiteBehavior [ RunTime:0.000028s ]
INFO: [ app_init ] --END-- [ RunTime:0.000434s ]
ERR: 无法加载模块:Doc

[ 2015-05-21T08:47:00+08:00 ] 127.0.0.1 /index.php/doc/doc.css
INFO: [ app_init ] --START--
INFO: Run Behavior\BuildLiteBehavior [ RunTime:0.000025s ]
INFO: [ app_init ] --END-- [ RunTime:0.000349s ]
ERR: 无法加载模块:Doc

[ 2015-05-21T08:59:58+08:00 ] 127.0.0.1 /index.php/doc/doc.css
INFO: [ app_init ] --START--
INFO: Run Behavior\BuildLiteBehavior [ RunTime:0.000024s ]
INFO: [ app_init ] --END-- [ RunTime:0.000352s ]
ERR: 无法加载模块:Doc

[ 2015-05-21T09:01:01+08:00 ] 127.0.0.1 /index.php/doc/doc.css
INFO: [ app_init ] --START--
INFO: Run Behavior\BuildLiteBehavior [ RunTime:0.000025s ]
INFO: [ app_init ] --END-- [ RunTime:0.000365s ]
ERR: 无法加载模块:Doc

[ 2015-05-21T09:01:02+08:00 ] 127.0.0.1 /index.php/doc/doc.css
INFO: [ app_init ] --START--
INFO: Run Behavior\BuildLiteBehavior [ RunTime:0.000026s ]
INFO: [ app_init ] --END-- [ RunTime:0.000365s ]
ERR: 无法加载模块:Doc

[ 2015-05-21T09:02:10+08:00 ] 127.0.0.1 /index.php/doc/doc.css
INFO: [ app_init ] --START--
INFO: Run Behavior\BuildLiteBehavior [ RunTime:0.000025s ]
INFO: [ app_init ] --END-- [ RunTime:0.000418s ]
ERR: 无法加载模块:Doc

[ 2015-05-21T09:02:11+08:00 ] 127.0.0.1 /index.php/doc/doc.css
INFO: [ app_init ] --START--
INFO: Run Behavior\BuildLiteBehavior [ RunTime:0.000024s ]
INFO: [ app_init ] --END-- [ RunTime:0.000336s ]
ERR: 无法加载模块:Doc

[ 2015-05-21T09:02:13+08:00 ] 127.0.0.1 /index.php/doc/doc.css
INFO: [ app_init ] --START--
INFO: Run Behavior\BuildLiteBehavior [ RunTime:0.000032s ]
INFO: [ app_init ] --END-- [ RunTime:0.000391s ]
ERR: 无法加载模块:Doc

[ 2015-05-21T09:02:13+08:00 ] 127.0.0.1 /index.php/doc/doc.css
INFO: [ app_init ] --START--
INFO: Run Behavior\BuildLiteBehavior [ RunTime:0.000026s ]
INFO: [ app_init ] --END-- [ RunTime:0.000360s ]
ERR: 无法加载模块:Doc

[ 2015-05-21T09:02:33+08:00 ] 127.0.0.1 /index.php/doc/doc.css
INFO: [ app_init ] --START--
INFO: Run Behavior\BuildLiteBehavior [ RunTime:0.000024s ]
INFO: [ app_init ] --END-- [ RunTime:0.000386s ]
ERR: 无法加载模块:Doc

[ 2015-05-21T09:02:33+08:00 ] 127.0.0.1 /index.php/doc/doc.css
INFO: [ app_init ] --START--
INFO: Run Behavior\BuildLiteBehavior [ RunTime:0.000025s ]
INFO: [ app_init ] --END-- [ RunTime:0.000340s ]
ERR: 无法加载模块:Doc

[ 2015-05-21T09:02:35+08:00 ] 127.0.0.1 /index.php/doc/doc.css
INFO: [ app_init ] --START--
INFO: Run Behavior\BuildLiteBehavior [ RunTime:0.000023s ]
INFO: [ app_init ] --END-- [ RunTime:0.000365s ]
ERR: 无法加载模块:Doc

[ 2015-05-21T09:02:35+08:00 ] 127.0.0.1 /index.php/doc/doc.css
INFO: [ app_init ] --START--
INFO: Run Behavior\BuildLiteBehavior [ RunTime:0.000026s ]
INFO: [ app_init ] --END-- [ RunTime:0.000366s ]
ERR: 无法加载模块:Doc

[ 2015-05-21T09:03:01+08:00 ] 127.0.0.1 /index.php/doc/doc.css
INFO: [ app_init ] --START--
INFO: Run Behavior\BuildLiteBehavior [ RunTime:0.000025s ]
INFO: [ app_init ] --END-- [ RunTime:0.000439s ]
ERR: 无法加载模块:Doc

[ 2015-05-21T09:03:06+08:00 ] 127.0.0.1 /index.php/doc/doc.css
INFO: [ app_init ] --START--
INFO: Run Behavior\BuildLiteBehavior [ RunTime:0.000042s ]
INFO: [ app_init ] --END-- [ RunTime:0.000415s ]
ERR: 无法加载模块:Doc

[ 2015-05-21T09:03:06+08:00 ] 127.0.0.1 /index.php/doc/doc.css
INFO: [ app_init ] --START--
INFO: Run Behavior\BuildLiteBehavior [ RunTime:0.000025s ]
INFO: [ app_init ] --END-- [ RunTime:0.000347s ]
ERR: 无法加载模块:Doc

[ 2015-05-21T09:04:11+08:00 ] 127.0.0.1 /index.php/doc/doc.css
INFO: [ app_init ] --START--
INFO: Run Behavior\BuildLiteBehavior [ RunTime:0.000024s ]
INFO: [ app_init ] --END-- [ RunTime:0.000390s ]
ERR: 无法加载模块:Doc

[ 2015-05-21T09:04:12+08:00 ] 127.0.0.1 /index.php/doc/doc.css
INFO: [ app_init ] --START--
INFO: Run Behavior\BuildLiteBehavior [ RunTime:0.000024s ]
INFO: [ app_init ] --END-- [ RunTime:0.000391s ]
ERR: 无法加载模块:Doc

[ 2015-05-21T09:04:41+08:00 ] 127.0.0.1 /index.php/doc/doc.css
INFO: [ app_init ] --START--
INFO: Run Behavior\BuildLiteBehavior [ RunTime:0.000025s ]
INFO: [ app_init ] --END-- [ RunTime:0.000354s ]
ERR: 无法加载模块:Doc

[ 2015-05-21T09:04:42+08:00 ] 127.0.0.1 /index.php/doc/doc.css
INFO: [ app_init ] --START--
INFO: Run Behavior\BuildLiteBehavior [ RunTime:0.000025s ]
INFO: [ app_init ] --END-- [ RunTime:0.000346s ]
ERR: 无法加载模块:Doc

[ 2015-05-21T09:05:03+08:00 ] 127.0.0.1 /index.php/doc/doc.css
INFO: [ app_init ] --START--
INFO: Run Behavior\BuildLiteBehavior [ RunTime:0.000029s ]
INFO: [ app_init ] --END-- [ RunTime:0.000664s ]
ERR: 无法加载模块:Doc

[ 2015-05-21T09:05:08+08:00 ] 127.0.0.1 /index.php/doc/doc.css
INFO: [ app_init ] --START--
INFO: Run Behavior\BuildLiteBehavior [ RunTime:0.000025s ]
INFO: [ app_init ] --END-- [ RunTime:0.000378s ]
ERR: 无法加载模块:Doc

[ 2015-05-21T09:05:09+08:00 ] 127.0.0.1 /index.php/doc/doc.css
INFO: [ app_init ] --START--
INFO: Run Behavior\BuildLiteBehavior [ RunTime:0.000025s ]
INFO: [ app_init ] --END-- [ RunTime:0.000361s ]
ERR: 无法加载模块:Doc

[ 2015-05-21T11:28:07+08:00 ] 127.0.0.1 /index.php/doc/doc.css
INFO: [ app_init ] --START--
INFO: Run Behavior\BuildLiteBehavior [ RunTime:0.000027s ]
INFO: [ app_init ] --END-- [ RunTime:0.000412s ]
ERR: 无法加载模块:Doc

[ 2015-05-21T11:28:07+08:00 ] 127.0.0.1 /index.php/doc/doc.css
INFO: [ app_init ] --START--
INFO: Run Behavior\BuildLiteBehavior [ RunTime:0.000023s ]
INFO: [ app_init ] --END-- [ RunTime:0.000341s ]
ERR: 无法加载模块:Doc

[ 2015-05-21T11:28:41+08:00 ] 127.0.0.1 /index.php/doc/doc.css
INFO: [ app_init ] --START--
INFO: Run Behavior\BuildLiteBehavior [ RunTime:0.000025s ]
INFO: [ app_init ] --END-- [ RunTime:0.000352s ]
ERR: 无法加载模块:Doc

[ 2015-05-21T11:28:41+08:00 ] 127.0.0.1 /index.php/doc/doc.css
INFO: [ app_init ] --START--
INFO: Run Behavior\BuildLiteBehavior [ RunTime:0.000025s ]
INFO: [ app_init ] --END-- [ RunTime:0.000352s ]
ERR: 无法加载模块:Doc

[ 2015-05-21T11:29:44+08:00 ] 127.0.0.1 /index.php/doc/doc.css
INFO: [ app_init ] --START--
INFO: Run Behavior\BuildLiteBehavior [ RunTime:0.000026s ]
INFO: [ app_init ] --END-- [ RunTime:0.000392s ]
ERR: 无法加载模块:Doc

[ 2015-05-21T11:29:44+08:00 ] 127.0.0.1 /index.php/doc/doc.css
INFO: [ app_init ] --START--
INFO: Run Behavior\BuildLiteBehavior [ RunTime:0.000025s ]
INFO: [ app_init ] --END-- [ RunTime:0.000396s ]
ERR: 无法加载模块:Doc

[ 2015-05-21T11:38:46+08:00 ] 127.0.0.1 /index.php/doc/doc.css
INFO: [ app_init ] --START--
INFO: Run Behavior\BuildLiteBehavior [ RunTime:0.000026s ]
INFO: [ app_init ] --END-- [ RunTime:0.000406s ]
ERR: 无法加载模块:Doc

[ 2015-05-21T11:38:46+08:00 ] 127.0.0.1 /index.php/doc/doc.css
INFO: [ app_init ] --START--
INFO: Run Behavior\BuildLiteBehavior [ RunTime:0.000025s ]
INFO: [ app_init ] --END-- [ RunTime:0.000345s ]
ERR: 无法加载模块:Doc

[ 2015-05-21T11:45:33+08:00 ] 127.0.0.1 /index.php/doc/doc.css
INFO: [ app_init ] --START--
INFO: Run Behavior\BuildLiteBehavior [ RunTime:0.000026s ]
INFO: [ app_init ] --END-- [ RunTime:0.000363s ]
ERR: 无法加载模块:Doc

[ 2015-05-21T11:54:32+08:00 ] 127.0.0.1 /index.php/doc/doc.css
INFO: [ app_init ] --START--
INFO: Run Behavior\BuildLiteBehavior [ RunTime:0.000027s ]
INFO: [ app_init ] --END-- [ RunTime:0.000364s ]
ERR: 无法加载模块:Doc

[ 2015-05-21T11:54:37+08:00 ] 127.0.0.1 /index.php/doc/doc.css
INFO: [ app_init ] --START--
INFO: Run Behavior\BuildLiteBehavior [ RunTime:0.000025s ]
INFO: [ app_init ] --END-- [ RunTime:0.000352s ]
ERR: 无法加载模块:Doc

